<?xml version="1.0" encoding="UTF-8"?>
<!-- Generated by org.testng.reporters.JUnitReportReporter -->
<testsuite skipped="0" hostname="administrator-HP-EliteBook-840-G3" name="com.store.testcases.AddToCartTest" tests="1" failures="0" timestamp="2022-07-22T17:16:25 IST" time="57.433" errors="0">
  <testcase name="addToCartTest" time="57.433" classname="com.store.testcases.AddToCartTest"/>
  <system-out/>
</testsuite> <!-- com.store.testcases.AddToCartTest -->
