<?xml version="1.0" encoding="UTF-8"?>
<!-- Generated by org.testng.reporters.JUnitReportReporter -->
<testsuite skipped="0" hostname="administrator-HP-EliteBook-840-G3" name="com.store.testcases.IndexPageTest" tests="2" failures="0" timestamp="2022-07-22T17:04:54 IST" time="31.668" errors="0">
  <testcase name="verifyTitle" time="12.794" classname="com.store.testcases.IndexPageTest"/>
  <system-out/>
  <testcase name="verifyLogo" time="18.874" classname="com.store.testcases.IndexPageTest"/>
  <system-out/>
</testsuite> <!-- com.store.testcases.IndexPageTest -->
