<?xml version="1.0" encoding="UTF-8"?>
<!-- Generated by org.testng.reporters.JUnitReportReporter -->
<testsuite skipped="0" hostname="administrator-HP-EliteBook-840-G3" name="store.store.Test" tests="1" failures="0" timestamp="2022-07-20T15:54:13 IST" time="0.008" errors="0">
  <testcase name="test" time="0.008" classname="store.store.Test"/>
  <system-out/>
</testsuite> <!-- store.store.Test -->
